<?xml version="1.0" encoding="UTF-8" standalone="no"?>
<testsuite errors="0" failures="3" name="io.cucumber.core.plugin.JUnitFormatter" skipped="0" tests="11" time="145.85">
    <testcase classname="Account feature" name="Account page title" time="45.567">
        <system-out>
            <![CDATA[Given User is signed in with valid credentials..............................passed
Given user is on account page...............................................passed
When user gets the title of account page....................................passed
Then account page title should be "My account - My Store"...................passed
]]>
        </system-out>
    </testcase>
    <testcase classname="Account feature" name="Personal informtion and order details" time="18.474">
        <system-out>
            <![CDATA[Given User is signed in with valid credentials..............................passed
Given user is on account page...............................................passed
When user gets the details..................................................passed
Then following details are displayed........................................passed
]]>
        </system-out>
    </testcase>
    <testcase classname="Account feature" name="Shopping cart is empty" time="0.002">
        <failure message="The scenario has no steps" type="java.lang.Exception"/>
    </testcase>
    <testcase classname="Account feature" name="Shopping cart is not empty" time="0.005">
        <failure message="The scenario has no steps" type="java.lang.Exception"/>
    </testcase>
    <testcase classname="Login feature" name="Login page title" time="14.543">
        <system-out>
            <![CDATA[Given user is on login page.................................................passed
When user gets the title of the login page..................................passed
Then title should be "Login - My Store".....................................passed
]]>
        </system-out>
    </testcase>
    <testcase classname="Login feature" name="forgot password link" time="9.093">
        <system-out>
            <![CDATA[Given user is on login page.................................................passed
Then Forgot your password? link should be displayed.........................passed
]]>
        </system-out>
    </testcase>
    <testcase classname="Login feature" name="Login with valid credentials" time="11.926">
        <system-out>
            <![CDATA[Given user is on login page.................................................passed
When user type "demo@gkm.com" in email textbox..............................passed
And user type "abc123" in password textbox..................................passed
And user clicks on login button.............................................passed
Then user gets the title of the account page................................passed
And title should be "My account - My Store".................................passed
]]>
        </system-out>
    </testcase>
    <testcase classname="Login feature" name="Login with invalid credentials" time="11.425">
        <system-out>
            <![CDATA[Given user is on login page.................................................passed
When user type "fake@abc.com" in email textbox..............................passed
And user type "21423rv" in password textbox.................................passed
And user clicks on login button.............................................passed
Then user gets error message................................................passed
]]>
        </system-out>
    </testcase>
    <testcase classname="Login feature" name="Login with invalid credentials 2" time="10.868">
        <system-out>
            <![CDATA[Given user is on login page.................................................passed
When user type "demo@gkm.com" in email textbox..............................passed
And user type "1234abc" in password textbox.................................passed
And user clicks on login button.............................................passed
Then user gets error message................................................passed
]]>
        </system-out>
    </testcase>
    <testcase classname="Login feature" name="Login with invalid credentials 3" time="11.109">
        <system-out>
            <![CDATA[Given user is on login page.................................................passed
When user type "fake@gkm.com" in email textbox..............................passed
And user type "abc123" in password textbox..................................passed
And user clicks on login button.............................................passed
Then user gets error message................................................passed
]]>
        </system-out>
    </testcase>
    <testcase classname="Login feature" name="Login with invalid credentials 4" time="11.922">
        <failure message="no such element: Unable to locate element: {&quot;method&quot;:&quot;css selector&quot;,&quot;selector&quot;:&quot;div.alert.alert-danger&quot;}&#10;  (Session info: chrome=87.0.4280.88)&#10;For documentation on this error, please visit: https://www.seleniumhq.org/exceptions/no_such_element.html&#10;Build info: version: '3.141.59', revision: 'e82be7d358', time: '2018-11-14T08:17:03'&#10;System info: host: 'JumpingBuddha', ip: '127.0.1.1', os.name: 'Linux', os.arch: 'amd64', os.version: '5.4.0-56-generic', java.version: '11.0.9.1'&#10;Driver info: org.openqa.selenium.chrome.ChromeDriver&#10;Capabilities {acceptInsecureCerts: false, browserName: chrome, browserVersion: 87.0.4280.88, chrome: {chromedriverVersion: 87.0.4280.88 (89e2380a3e36c..., userDataDir: /tmp/.com.google.Chrome.10j4eq}, goog:chromeOptions: {debuggerAddress: localhost:44651}, javascriptEnabled: true, networkConnectionEnabled: false, pageLoadStrategy: normal, platform: LINUX, platformName: LINUX, proxy: Proxy(), setWindowRect: true, strictFileInteractability: false, timeouts: {implicit: 0, pageLoad: 300000, script: 30000}, unhandledPromptBehavior: dismiss and notify, webauthn:virtualAuthenticators: true}&#10;Session ID: 5821dd6d9590dae971c8ecc213561032&#10;*** Element info: {Using=css selector, value=div.alert.alert-danger}" type="org.openqa.selenium.NoSuchElementException">
            <![CDATA[Given user is on login page.................................................passed
When user type "demo@gkm.com" in email textbox..............................passed
And user type "abc123" in password textbox..................................passed
And user clicks on login button.............................................passed
Then user gets error message................................................failed

StackTrace:
org.openqa.selenium.NoSuchElementException: no such element: Unable to locate element: {"method":"css selector","selector":"div.alert.alert-danger"}
  (Session info: chrome=87.0.4280.88)
For documentation on this error, please visit: https://www.seleniumhq.org/exceptions/no_such_element.html
Build info: version: '3.141.59', revision: 'e82be7d358', time: '2018-11-14T08:17:03'
System info: host: 'JumpingBuddha', ip: '127.0.1.1', os.name: 'Linux', os.arch: 'amd64', os.version: '5.4.0-56-generic', java.version: '11.0.9.1'
Driver info: org.openqa.selenium.chrome.ChromeDriver
Capabilities {acceptInsecureCerts: false, browserName: chrome, browserVersion: 87.0.4280.88, chrome: {chromedriverVersion: 87.0.4280.88 (89e2380a3e36c..., userDataDir: /tmp/.com.google.Chrome.10j4eq}, goog:chromeOptions: {debuggerAddress: localhost:44651}, javascriptEnabled: true, networkConnectionEnabled: false, pageLoadStrategy: normal, platform: LINUX, platformName: LINUX, proxy: Proxy(), setWindowRect: true, strictFileInteractability: false, timeouts: {implicit: 0, pageLoad: 300000, script: 30000}, unhandledPromptBehavior: dismiss and notify, webauthn:virtualAuthenticators: true}
Session ID: 5821dd6d9590dae971c8ecc213561032
*** Element info: {Using=css selector, value=div.alert.alert-danger}
	at java.base/jdk.internal.reflect.NativeConstructorAccessorImpl.newInstance0(Native Method)
	at java.base/jdk.internal.reflect.NativeConstructorAccessorImpl.newInstance(NativeConstructorAccessorImpl.java:62)
	at java.base/jdk.internal.reflect.DelegatingConstructorAccessorImpl.newInstance(DelegatingConstructorAccessorImpl.java:45)
	at java.base/java.lang.reflect.Constructor.newInstance(Constructor.java:490)
	at org.openqa.selenium.remote.http.W3CHttpResponseCodec.createException(W3CHttpResponseCodec.java:187)
	at org.openqa.selenium.remote.http.W3CHttpResponseCodec.decode(W3CHttpResponseCodec.java:122)
	at org.openqa.selenium.remote.http.W3CHttpResponseCodec.decode(W3CHttpResponseCodec.java:49)
	at org.openqa.selenium.remote.HttpCommandExecutor.execute(HttpCommandExecutor.java:158)
	at org.openqa.selenium.remote.service.DriverCommandExecutor.execute(DriverCommandExecutor.java:83)
	at org.openqa.selenium.remote.RemoteWebDriver.execute(RemoteWebDriver.java:552)
	at org.openqa.selenium.remote.RemoteWebDriver.findElement(RemoteWebDriver.java:323)
	at org.openqa.selenium.remote.RemoteWebDriver.findElementByCssSelector(RemoteWebDriver.java:420)
	at org.openqa.selenium.By$ByCssSelector.findElement(By.java:431)
	at org.openqa.selenium.remote.RemoteWebDriver.findElement(RemoteWebDriver.java:315)
	at com.pages.LoginPage.isDisplayedErrorMsg(LoginPage.java:58)
	at com.stepdefinitions.LoginSteps.user_gets_error_message(LoginSteps.java:82)
	at âœ½.user gets error message(file:///home/gyanesh/git/POMHybridProject/src/test/resources/com/features/LoginPage.feature:26)
]]>
        </failure>
    </testcase>
</testsuite>
